<?xml version="1.0" encoding="UTF-8"?>
<testng-results ignored="0" total="1" passed="1" failed="0" skipped="0">
  <reporter-output>
  </reporter-output>
  <suite started-at="2023-03-02T23:23:33 IST" name="Default suite" finished-at="2023-03-02T23:24:02 IST" duration-ms="29317">
    <groups>
    </groups>
    <test started-at="2023-03-02T23:23:33 IST" name="Default test" finished-at="2023-03-02T23:24:02 IST" duration-ms="29317">
      <class name="CRUDEmployeeDetailsTestCases.EmployeeDetailTests">
        <test-method is-config="true" signature="setupBrowser()[pri:0, instance:CRUDEmployeeDetailsTestCases.EmployeeDetailTests@7bab3f1a]" started-at="2023-03-02T23:23:33 IST" name="setupBrowser" finished-at="2023-03-02T23:23:53 IST" duration-ms="20371" status="PASS">
          <reporter-output>
          </reporter-output>
        </test-method> <!-- setupBrowser -->
        <test-method signature="createNewEployeeRecord()[pri:0, instance:CRUDEmployeeDetailsTestCases.EmployeeDetailTests@7bab3f1a]" started-at="2023-03-02T23:23:53 IST" name="createNewEployeeRecord" finished-at="2023-03-02T23:24:01 IST" duration-ms="7649" status="PASS">
          <reporter-output>
          </reporter-output>
        </test-method> <!-- createNewEployeeRecord -->
        <test-method is-config="true" signature="teardown()[pri:0, instance:CRUDEmployeeDetailsTestCases.EmployeeDetailTests@7bab3f1a]" started-at="2023-03-02T23:24:01 IST" name="teardown" finished-at="2023-03-02T23:24:02 IST" duration-ms="1183" status="PASS">
          <reporter-output>
          </reporter-output>
        </test-method> <!-- teardown -->
      </class> <!-- CRUDEmployeeDetailsTestCases.EmployeeDetailTests -->
    </test> <!-- Default test -->
  </suite> <!-- Default suite -->
</testng-results>
